<?xml version="1.0" encoding="UTF-8"?>
<!-- Generated by org.testng.reporters.JUnitReportReporter -->
<testsuite hostname="DESKTOP-7I4U2KQ" failures="0" tests="4" name="comSauceDemoTestClasses.BaseClass2" time="106.261" errors="0" timestamp="2022-05-12T09:06:51 IST" skipped="0">
  <testcase classname="comSauceDemoTestClasses.BaseClass2" name="Verifylogin" time="13.315"/>
  <system-out/>
  <testcase classname="comSauceDemoTestClasses.BaseClass2" name="Addtocart" time="19.269"/>
  <system-out/>
  <testcase classname="comSauceDemoTestClasses.BaseClass2" name="information" time="26.656"/>
  <system-out/>
  <testcase classname="comSauceDemoTestClasses.BaseClass2" name="checkout" time="47.021"/>
  <system-out/>
</testsuite> <!-- comSauceDemoTestClasses.BaseClass2 -->
