<?xml version="1.0" encoding="UTF-8"?>
<!-- Generated by org.testng.reporters.JUnitReportReporter -->
<testsuite hostname="DESKTOP-7I4U2KQ" failures="0" tests="1" name="comSauceDemoTestClasses.TC004YourInformationFunctinality" time="18.872" errors="0" timestamp="2022-04-14T23:51:19 IST" skipped="0">
  <testcase classname="comSauceDemoTestClasses.TC004YourInformationFunctinality" name="information" time="18.872"/>
  <system-out/>
</testsuite> <!-- comSauceDemoTestClasses.TC004YourInformationFunctinality -->
